2025-03-14 13:19:55 - INFO - Started server process [13992]
2025-03-14 13:19:55 - INFO - Waiting for application startup.
2025-03-14 13:19:55 - INFO - Application startup complete.
2025-03-14 13:19:55 - INFO - Uvicorn running on https://127.0.0.1:8000 (Press CTRL+C to quit)
2025-03-14 13:19:59 - INFO - root() - ルートにアクセスしました
2025-03-14 13:19:59 - DEBUG - token: ありません
2025-03-14 13:25:49 - INFO - Started server process [17376]
2025-03-14 13:25:49 - INFO - Waiting for application startup.
2025-03-14 13:25:49 - INFO - Application startup complete.
2025-03-14 13:25:49 - INFO - Uvicorn running on https://127.0.0.1:8000 (Press CTRL+C to quit)
2025-03-14 13:49:36 - INFO - Started server process [16588]
2025-03-14 13:49:36 - INFO - Waiting for application startup.
2025-03-14 13:49:36 - INFO - Application startup complete.
2025-03-14 13:49:36 - INFO - Uvicorn running on https://127.0.0.1:8000 (Press CTRL+C to quit)
2025-03-14 13:49:46 - INFO - root() - ルートにアクセスしました
2025-03-14 13:49:46 - DEBUG - token: ありません
2025-03-14 13:49:56 - INFO - 認証試行: user1
2025-03-14 13:49:56 - INFO - 認証成功: user1
2025-03-14 13:49:56 - DEBUG - redirect_url: /order_complete
2025-03-14 13:49:56 - DEBUG - login_post() - 'sub': user1
2025-03-14 13:49:56 - DEBUG - login_post() - 'token': eyJhbGciOiJIUzI1NiIsInR5cCI6IkpXVCJ9.eyJzdWIiOiJ1c2VyMSIsInBlcm1pc3Npb24iOjEsImV4cGlyZXMiOiIyMDI1LTA0LTEzVDA0OjQ5OjU2Ljg3NTY4MloifQ.5On9mgcRy9sJhxmIKha-kVqdzz3wO8rBBCA-PfDY358
2025-03-14 13:49:56 - DEBUG - login_post() - 'expires': 2025-04-13T04:49:56.875682Z
2025-03-14 13:49:56 - DEBUG - login_post() - 'permission': 1
2025-03-14 13:50:01 - INFO - root() - ルートにアクセスしました
2025-03-14 13:50:01 - INFO - stop_twice_order() - きょう２度目の注文を阻止
2025-03-14 13:50:02 - INFO - root() - ルートにアクセスしました
2025-03-14 13:50:02 - DEBUG - token: ありません
2025-03-14 13:50:09 - INFO - 認証試行: shop01
2025-03-14 13:50:09 - INFO - 認証成功: shop01
2025-03-14 13:50:09 - DEBUG - redirect_url: /shops/me
2025-03-14 13:50:09 - DEBUG - login_post() - 'sub': shop01
2025-03-14 13:50:09 - DEBUG - login_post() - 'token': eyJhbGciOiJIUzI1NiIsInR5cCI6IkpXVCJ9.eyJzdWIiOiJzaG9wMDEiLCJwZXJtaXNzaW9uIjoxMCwiZXhwaXJlcyI6IjIwMjUtMDQtMTNUMDQ6NTA6MDkuNDU0MjIxWiJ9.mxwRW1vOBvsjbTAm8SFAQKYSRIp52S6mH-ohLb0fZmc
2025-03-14 13:50:09 - DEBUG - login_post() - 'expires': 2025-04-13T04:50:09.454221Z
2025-03-14 13:50:09 - DEBUG - login_post() - 'permission': 10
2025-03-14 13:52:00 - INFO - Started server process [4144]
2025-03-14 13:52:00 - INFO - Waiting for application startup.
2025-03-14 13:52:00 - INFO - Application startup complete.
2025-03-14 13:52:00 - INFO - Uvicorn running on https://127.0.0.1:8000 (Press CTRL+C to quit)
2025-03-14 13:52:02 - INFO - root() - ルートにアクセスしました
2025-03-14 13:55:57 - INFO - Started server process [6868]
2025-03-14 13:55:57 - INFO - Waiting for application startup.
2025-03-14 13:55:57 - INFO - Application startup complete.
2025-03-14 13:55:57 - INFO - Uvicorn running on https://127.0.0.1:8000 (Press CTRL+C to quit)
2025-03-14 13:55:59 - INFO - root() - ルートにアクセスしました
2025-03-14 14:04:34 - INFO - Started server process [13568]
2025-03-14 14:04:34 - INFO - Waiting for application startup.
2025-03-14 14:04:34 - INFO - Application startup complete.
2025-03-14 14:04:34 - INFO - Uvicorn running on https://127.0.0.1:8000 (Press CTRL+C to quit)
2025-03-14 14:04:36 - INFO - root() - ルートにアクセスしました
2025-03-14 14:04:36 - DEBUG - redirect_login()
2025-03-14 14:04:36 - DEBUG - token is not expired.
2025-03-14 14:04:36 - DEBUG - jwt.decode: {'sub': 'shop01', 'permission': 10, 'expires': '2025-04-13T04:50:09.454221Z'}
2025-03-14 14:04:36 - DEBUG - sub: shop01, permission: 10, token: eyJhbGciOiJIUzI1NiIsInR5cCI6IkpXVCJ9.eyJzdWIiOiJzaG9wMDEiLCJwZXJtaXNzaW9uIjoxMCwiZXhwaXJlcyI6IjIwMjUtMDQtMTNUMDQ6NTA6MDkuNDU0MjIxWiJ9.mxwRW1vOBvsjbTAm8SFAQKYSRIp52S6mH-ohLb0fZmc, expires: 2025-04-13T05:04:36.524284Z
2025-03-14 14:04:42 - INFO - root() - ルートにアクセスしました
2025-03-14 14:04:42 - INFO - stop_twice_order() - きょう２度目の注文を阻止
2025-03-14 14:04:43 - INFO - root() - ルートにアクセスしました
2025-03-14 14:04:43 - DEBUG - token: ありません
2025-03-14 14:11:06 - INFO - Started server process [4544]
2025-03-14 14:11:06 - INFO - Waiting for application startup.
2025-03-14 14:11:06 - INFO - Application startup complete.
2025-03-14 14:11:06 - INFO - Uvicorn running on https://127.0.0.1:8000 (Press CTRL+C to quit)
2025-03-14 14:11:08 - INFO - root() - ルートにアクセスしました
2025-03-14 14:11:08 - DEBUG - token: ありません
2025-03-14 14:11:32 - INFO - Started server process [16572]
2025-03-14 14:11:32 - INFO - Waiting for application startup.
2025-03-14 14:11:32 - INFO - Application startup complete.
2025-03-14 14:11:32 - INFO - Uvicorn running on https://127.0.0.1:8000 (Press CTRL+C to quit)
2025-03-14 14:11:33 - INFO - root() - ルートにアクセスしました
2025-03-14 14:14:21 - INFO - Started server process [13956]
2025-03-14 14:14:21 - INFO - Waiting for application startup.
2025-03-14 14:14:21 - INFO - Application startup complete.
2025-03-14 14:14:21 - INFO - Uvicorn running on https://127.0.0.1:8000 (Press CTRL+C to quit)
2025-03-14 14:14:22 - INFO - root() - ルートにアクセスしました
2025-03-14 14:14:22 - DEBUG - token: ありません
2025-03-14 14:14:30 - INFO - 認証試行: user1
2025-03-14 14:14:30 - INFO - 認証成功: user1
2025-03-14 14:14:30 - DEBUG - redirect_url: /order_complete
2025-03-14 14:14:30 - DEBUG - login_post() - 'sub': user1
2025-03-14 14:14:30 - DEBUG - login_post() - 'token': eyJhbGciOiJIUzI1NiIsInR5cCI6IkpXVCJ9.eyJzdWIiOiJ1c2VyMSIsInBlcm1pc3Npb24iOjEsImV4cGlyZXMiOiIyMDI1LTA0LTEzVDA1OjE0OjMwLjg0ODgyMFoifQ.zUx73jF7mI1Z0OE9TR0nuj7wzFe9YbSI727C4-oYhAA
2025-03-14 14:14:30 - DEBUG - login_post() - 'expires': 2025-04-13T05:14:30.848820Z
2025-03-14 14:14:30 - DEBUG - login_post() - 'permission': 1
2025-03-14 14:14:33 - INFO - root() - ルートにアクセスしました
2025-03-14 14:14:33 - INFO - stop_twice_order() - きょう２度目の注文を阻止
2025-03-14 14:14:35 - INFO - root() - ルートにアクセスしました
2025-03-14 14:14:35 - DEBUG - token: ありません
2025-03-14 14:14:40 - INFO - 認証試行: shop01
2025-03-14 14:14:40 - INFO - 認証成功: shop01
2025-03-14 14:14:40 - DEBUG - redirect_url: /shops/me
2025-03-14 14:14:40 - DEBUG - login_post() - 'sub': shop01
2025-03-14 14:14:40 - DEBUG - login_post() - 'token': eyJhbGciOiJIUzI1NiIsInR5cCI6IkpXVCJ9.eyJzdWIiOiJzaG9wMDEiLCJwZXJtaXNzaW9uIjoxMCwiZXhwaXJlcyI6IjIwMjUtMDQtMTNUMDU6MTQ6NDAuNjU5MjM1WiJ9._rgxd7fJWpTqxBV5IVGibBOBFHxWhXhEIyM7RQ80WZo
2025-03-14 14:14:40 - DEBUG - login_post() - 'expires': 2025-04-13T05:14:40.659235Z
2025-03-14 14:14:40 - DEBUG - login_post() - 'permission': 10
2025-03-14 14:24:07 - INFO - Started server process [5192]
2025-03-14 14:24:07 - INFO - Waiting for application startup.
2025-03-14 14:24:07 - INFO - Application startup complete.
2025-03-14 14:24:07 - INFO - Uvicorn running on https://127.0.0.1:8000 (Press CTRL+C to quit)
2025-03-14 14:24:20 - INFO - root() - ルートにアクセスしました
2025-03-14 14:24:20 - DEBUG - token: ありません
2025-03-14 14:24:56 - ERROR - test_exception() testエラーが発生しました!
2025-03-14 14:24:56 - ERROR - 例外ハンドラーが呼ばれました: {'method_name': 'test_exception()', 'message': 'これはテストエラーです'}
2025-03-14 14:25:39 - INFO - Started server process [2064]
2025-03-14 14:25:39 - INFO - Waiting for application startup.
2025-03-14 14:25:39 - INFO - Application startup complete.
2025-03-14 14:25:39 - INFO - Uvicorn running on https://192.168.3.19:8000 (Press CTRL+C to quit)
2025-03-14 14:25:42 - INFO - root() - ルートにアクセスしました
2025-03-14 14:25:42 - DEBUG - redirect_login()
2025-03-14 14:25:42 - DEBUG - token is not expired.
2025-03-14 14:25:42 - DEBUG - jwt.decode: {'sub': 'user1', 'permission': 1, 'exp': 1742185338}
2025-03-14 14:25:42 - DEBUG - sub: user1, permission: 1, token: eyJhbGciOiJIUzI1NiIsInR5cCI6IkpXVCJ9.eyJzdWIiOiJ1c2VyMSIsInBlcm1pc3Npb24iOjEsImV4cCI6MTc0MjE4NTMzOH0.VBJGQV2zxNg72PcrE3Zcfsqm9tSWDaHYNladSb_DZYU, expires: 2025-04-13T05:25:42.266430Z
2025-03-14 14:25:44 - INFO - root() - ルートにアクセスしました
2025-03-14 14:25:44 - INFO - stop_twice_order() - きょう２度目の注文を阻止
2025-03-14 14:25:45 - INFO - root() - ルートにアクセスしました
2025-03-14 14:25:45 - DEBUG - token: ありません
2025-03-14 14:27:45 - INFO - root() - ルートにアクセスしました
2025-03-14 14:27:45 - INFO - stop_twice_order() - きょう２度目の注文を阻止
2025-03-14 14:27:49 - INFO - root() - ルートにアクセスしました
2025-03-14 14:27:49 - DEBUG - token: ありません
2025-03-14 14:28:01 - INFO - root() - ルートにアクセスしました
2025-03-14 14:28:01 - INFO - stop_twice_order() - きょう２度目の注文を阻止
2025-03-14 14:28:38 - INFO - root() - ルートにアクセスしました
2025-03-14 14:28:38 - DEBUG - token: ありません
2025-03-14 14:30:47 - ERROR - test_exception() testエラーが発生しました!
2025-03-14 14:30:47 - ERROR - 例外ハンドラーが呼ばれました: {'method_name': 'test_exception()', 'message': 'これはテストエラーです'}
2025-03-14 14:30:54 - INFO - root() - ルートにアクセスしました
2025-03-14 14:30:54 - DEBUG - token: ありません
2025-03-14 14:39:56 - INFO - root() - ルートにアクセスしました
2025-03-14 14:39:56 - DEBUG - token: ありません
2025-03-14 14:40:49 - INFO - Started server process [6160]
2025-03-14 14:40:49 - INFO - Waiting for application startup.
2025-03-14 14:40:49 - INFO - Application startup complete.
2025-03-14 14:40:49 - INFO - Uvicorn running on https://192.168.3.19:8000 (Press CTRL+C to quit)
2025-03-14 14:43:17 - INFO - Started server process [14176]
2025-03-14 14:43:17 - INFO - Waiting for application startup.
2025-03-14 14:43:17 - INFO - Application startup complete.
2025-03-14 14:43:17 - ERROR - [Errno 10048] error while attempting to bind on address ('192.168.3.19', 8000): [winerror 10048] 通常、各ソケット アドレスに対してプロトコル、ネットワーク アドレス、またはポートのどれか 1 つのみを使用できます。
2025-03-14 14:43:17 - INFO - Waiting for application shutdown.
2025-03-14 14:43:17 - INFO - Application shutdown complete.
2025-03-14 14:44:07 - INFO - Started server process [11044]
2025-03-14 14:44:07 - INFO - Waiting for application startup.
2025-03-14 14:44:07 - INFO - Application startup complete.
2025-03-14 14:44:07 - INFO - Uvicorn running on https://192.168.3.19:8000 (Press CTRL+C to quit)
2025-03-14 14:44:10 - INFO - root() - ルートにアクセスしました
2025-03-14 14:44:10 - INFO - stop_twice_order() - きょう２度目の注文を阻止
2025-03-14 14:47:06 - INFO - Started server process [4800]
2025-03-14 14:47:06 - INFO - Waiting for application startup.
2025-03-14 14:47:06 - INFO - Application startup complete.
2025-03-14 14:47:06 - INFO - Uvicorn running on https://192.168.3.19:8000 (Press CTRL+C to quit)
2025-03-14 14:47:07 - INFO - root() - ルートにアクセスしました
2025-03-14 14:47:07 - INFO - stop_twice_order() - きょう２度目の注文を阻止
2025-03-14 14:47:21 - INFO - root() - ルートにアクセスしました
2025-03-14 14:47:21 - DEBUG - token: ありません
2025-03-14 14:50:49 - INFO - Started server process [1892]
2025-03-14 14:50:49 - INFO - Waiting for application startup.
2025-03-14 14:50:49 - INFO - Application startup complete.
2025-03-14 14:50:49 - INFO - Uvicorn running on https://192.168.3.19:8000 (Press CTRL+C to quit)
2025-03-14 14:59:18 - INFO - Started server process [15860]
2025-03-14 14:59:18 - INFO - Waiting for application startup.
2025-03-14 14:59:18 - INFO - Application startup complete.
2025-03-14 14:59:18 - INFO - Uvicorn running on https://192.168.3.19:8000 (Press CTRL+C to quit)
2025-03-14 15:00:43 - INFO - Started server process [17196]
2025-03-14 15:00:43 - INFO - Waiting for application startup.
2025-03-14 15:00:43 - INFO - Application startup complete.
2025-03-14 15:00:43 - INFO - Uvicorn running on https://192.168.3.19:8000 (Press CTRL+C to quit)
2025-03-14 15:02:08 - INFO - Started server process [17704]
2025-03-14 15:02:08 - INFO - Waiting for application startup.
2025-03-14 15:02:08 - INFO - Application startup complete.
2025-03-14 15:02:08 - INFO - Uvicorn running on https://192.168.3.19:8000 (Press CTRL+C to quit)
2025-03-14 15:07:36 - INFO - Started server process [18032]
2025-03-14 15:07:36 - INFO - Waiting for application startup.
2025-03-14 15:07:36 - INFO - Application startup complete.
2025-03-14 15:07:36 - INFO - Uvicorn running on https://192.168.3.19:8000 (Press CTRL+C to quit)
2025-03-14 15:07:40 - INFO - root() - ルートにアクセスしました
2025-03-14 15:07:40 - DEBUG - token: ありません
2025-03-14 15:15:47 - INFO - Started server process [5592]
2025-03-14 15:15:47 - INFO - Waiting for application startup.
2025-03-14 15:15:47 - INFO - Application startup complete.
2025-03-14 15:15:47 - INFO - Uvicorn running on https://192.168.3.19:8000 (Press CTRL+C to quit)
2025-03-14 15:16:43 - INFO - root() - ルートにアクセスしました
2025-03-14 15:16:43 - DEBUG - token: ありません
2025-03-14 15:17:05 - INFO - root() - ルートにアクセスしました
2025-03-14 15:17:05 - DEBUG - token: ありません
