2025-03-12 10:26:02 - INFO - Started server process [12088]
2025-03-12 10:26:02 - INFO - Waiting for application startup.
2025-03-12 10:26:02 - INFO - Application startup complete.
2025-03-12 10:26:02 - INFO - Uvicorn running on https://127.0.0.1:8000 (Press CTRL+C to quit)
2025-03-12 10:26:51 - INFO - Started server process [15032]
2025-03-12 10:26:51 - INFO - Waiting for application startup.
2025-03-12 10:26:51 - INFO - Application startup complete.
2025-03-12 10:26:51 - INFO - Uvicorn running on https://127.0.0.1:8000 (Press CTRL+C to quit)
2025-03-12 10:26:52 - INFO - root() - ルートにアクセスしました
2025-03-12 10:26:53 - ERROR - 例外ハンドラーが呼ばれました: {'method_name': 'init_database()', 'message': '例外発生: 500: {\'method_name\': \'insert_shop()\', \'message\': "Error: cannot access local variable \'count\' where it is not associated with a value"}'}
2025-03-12 10:28:05 - INFO - Started server process [1280]
2025-03-12 10:28:05 - INFO - Waiting for application startup.
2025-03-12 10:28:05 - INFO - Application startup complete.
2025-03-12 10:28:05 - INFO - Uvicorn running on https://127.0.0.1:8000 (Press CTRL+C to quit)
2025-03-12 10:28:06 - INFO - root() - ルートにアクセスしました
2025-03-12 10:28:06 - ERROR - 例外ハンドラーが呼ばれました: {'method_name': 'init_database()', 'message': '例外発生: 500: {\'method_name\': \'insert_shop()\', \'message\': "Error: cannot access local variable \'count\' where it is not associated with a value"}'}
2025-03-12 10:28:19 - INFO - Started server process [11496]
2025-03-12 10:28:19 - INFO - Waiting for application startup.
2025-03-12 10:28:19 - INFO - Application startup complete.
2025-03-12 10:28:19 - INFO - Uvicorn running on https://127.0.0.1:8000 (Press CTRL+C to quit)
2025-03-12 10:28:20 - INFO - root() - ルートにアクセスしました
2025-03-12 10:28:20 - ERROR - 例外ハンドラーが呼ばれました: {'method_name': 'init_database()', 'message': '例外発生: 500: {\'method_name\': \'insert_shop()\', \'message\': "Error: cannot access local variable \'count\' where it is not associated with a value"}'}
2025-03-12 10:28:54 - INFO - Started server process [12160]
2025-03-12 10:28:54 - INFO - Waiting for application startup.
2025-03-12 10:28:54 - INFO - Application startup complete.
2025-03-12 10:28:54 - INFO - Uvicorn running on https://127.0.0.1:8000 (Press CTRL+C to quit)
2025-03-12 10:28:55 - INFO - root() - ルートにアクセスしました
2025-03-12 10:28:55 - DEBUG - token_result: None
2025-03-12 10:28:55 - DEBUG - token_result: ありません
2025-03-12 10:29:06 - INFO - Started server process [15884]
2025-03-12 10:29:06 - INFO - Waiting for application startup.
2025-03-12 10:29:06 - INFO - Application startup complete.
2025-03-12 10:29:06 - INFO - Uvicorn running on https://127.0.0.1:8000 (Press CTRL+C to quit)
2025-03-12 10:29:07 - INFO - root() - ルートにアクセスしました
2025-03-12 10:29:07 - DEBUG - token_result: None
2025-03-12 10:29:07 - DEBUG - token_result: ありません
2025-03-12 10:29:13 - DEBUG - username: user1
2025-03-12 10:29:13 - DEBUG - access_token: eyJhbGciOiJIUzI1NiIsInR5cCI6IkpXVCJ9.eyJzdWIiOiJ1c2VyMSIsInBlcm1pc3Npb24iOjEsImV4cGlyZXMiOiIyMDI1LTA0LTExVDAxOjI5OjEzLjEyOTgyNFoifQ.Ik3iAAiypcvnXdKltpKMXbozApFiWzTqRnVGGhp2fnA
2025-03-12 10:29:13 - DEBUG - expires: 2025-04-11T01:29:13.129824Z
2025-03-12 10:29:13 - DEBUG - user: user_id=1 username='user1' password='user1' name='大隈 慶1' token='eyJhbGciOiJIUzI1NiIsInR5cCI6IkpXVCJ9.eyJzdWIiOiJ1c2VyMSIsInBlcm1pc3Npb24iOjEsImV4cGlyZXMiOiIyMDI1LTA0LTExVDAxOjI5OjEzLjEyOTgyNFoifQ.Ik3iAAiypcvnXdKltpKMXbozApFiWzTqRnVGGhp2fnA' exp='2025-04-11T01:29:13.129824Z' company_id=1 shop_name='shop01' menu_id=1 permission=1 is_modified=False updated_at=None
2025-03-12 10:29:13 - DEBUG - authenticate_user() - userを正常に取得した
2025-03-12 10:29:13 - DEBUG - user: user_id=1 username='user1' password='user1' name='大隈 慶1' token='eyJhbGciOiJIUzI1NiIsInR5cCI6IkpXVCJ9.eyJzdWIiOiJ1c2VyMSIsInBlcm1pc3Npb24iOjEsImV4cGlyZXMiOiIyMDI1LTA0LTExVDAxOjI5OjEzLjEyOTgyNFoifQ.Ik3iAAiypcvnXdKltpKMXbozApFiWzTqRnVGGhp2fnA' exp='2025-04-11T01:29:13.129824Z' company_id=1 shop_name='shop01' menu_id=1 permission=1 is_modified=False updated_at=None
2025-03-12 10:29:13 - DEBUG - username と password一致
2025-03-12 10:29:13 - DEBUG - redirect_url: /order_complete
2025-03-12 10:29:13 - DEBUG - login_post() - 'sub': user1
2025-03-12 10:29:13 - DEBUG - login_post() - 'token': eyJhbGciOiJIUzI1NiIsInR5cCI6IkpXVCJ9.eyJzdWIiOiJ1c2VyMSIsInBlcm1pc3Npb24iOjEsImV4cGlyZXMiOiIyMDI1LTA0LTExVDAxOjI5OjEzLjEyOTgyNFoifQ.Ik3iAAiypcvnXdKltpKMXbozApFiWzTqRnVGGhp2fnA
2025-03-12 10:29:13 - DEBUG - login_post() - 'exp': 2025-04-11T01:29:13.129824Z
2025-03-12 10:29:13 - DEBUG - login_post() - 'permission': 1
2025-03-12 10:29:13 - ERROR - 例外ハンドラーが呼ばれました: {'method_name': 'insert_order()', 'message': 'Error: no such table: Orders: SQL statement = \n        INSERT INTO Orders (company_id, username, shop_name, menu_id, amount, created_at)\n        VALUES (?, ?, ?, ?, ?, ?)\n        '}
2025-03-12 10:30:17 - INFO - Started server process [14736]
2025-03-12 10:30:17 - INFO - Waiting for application startup.
2025-03-12 10:30:17 - INFO - Application startup complete.
2025-03-12 10:30:17 - INFO - Uvicorn running on https://127.0.0.1:8000 (Press CTRL+C to quit)
2025-03-12 10:30:18 - INFO - root() - ルートにアクセスしました
2025-03-12 10:30:18 - ERROR - 例外ハンドラーが呼ばれました: {'method_name': 'init_database()', 'message': '例外発生: 500: {\'method_name\': \'insert_shop()\', \'message\': "Error: cannot access local variable \'count\' where it is not associated with a value"}'}
2025-03-12 10:31:12 - INFO - Started server process [12592]
2025-03-12 10:31:12 - INFO - Waiting for application startup.
2025-03-12 10:31:12 - INFO - Application startup complete.
2025-03-12 10:31:12 - INFO - Uvicorn running on https://127.0.0.1:8000 (Press CTRL+C to quit)
2025-03-12 10:31:13 - INFO - root() - ルートにアクセスしました
2025-03-12 10:31:14 - DEBUG - token_result: None
2025-03-12 10:31:14 - DEBUG - token_result: ありません
2025-03-12 10:31:24 - DEBUG - username: user1
2025-03-12 10:31:24 - DEBUG - access_token: eyJhbGciOiJIUzI1NiIsInR5cCI6IkpXVCJ9.eyJzdWIiOiJ1c2VyMSIsInBlcm1pc3Npb24iOjEsImV4cGlyZXMiOiIyMDI1LTA0LTExVDAxOjMxOjI0LjkxMTE3NloifQ.7xElsNjBbq793GvW2LMGhmG5FEN_aLYxQnDwd1l5C1w
2025-03-12 10:31:24 - DEBUG - expires: 2025-04-11T01:31:24.911176Z
2025-03-12 10:31:24 - DEBUG - user: user_id=1 username='user1' password='user1' name='大隈 慶1' token='eyJhbGciOiJIUzI1NiIsInR5cCI6IkpXVCJ9.eyJzdWIiOiJ1c2VyMSIsInBlcm1pc3Npb24iOjEsImV4cGlyZXMiOiIyMDI1LTA0LTExVDAxOjMxOjI0LjkxMTE3NloifQ.7xElsNjBbq793GvW2LMGhmG5FEN_aLYxQnDwd1l5C1w' exp='2025-04-11T01:31:24.911176Z' company_id=1 shop_name='shop01' menu_id=1 permission=1 is_modified=False updated_at=None
2025-03-12 10:31:24 - DEBUG - authenticate_user() - userを正常に取得した
2025-03-12 10:31:24 - DEBUG - user: user_id=1 username='user1' password='user1' name='大隈 慶1' token='eyJhbGciOiJIUzI1NiIsInR5cCI6IkpXVCJ9.eyJzdWIiOiJ1c2VyMSIsInBlcm1pc3Npb24iOjEsImV4cGlyZXMiOiIyMDI1LTA0LTExVDAxOjMxOjI0LjkxMTE3NloifQ.7xElsNjBbq793GvW2LMGhmG5FEN_aLYxQnDwd1l5C1w' exp='2025-04-11T01:31:24.911176Z' company_id=1 shop_name='shop01' menu_id=1 permission=1 is_modified=False updated_at=None
2025-03-12 10:31:24 - DEBUG - username と password一致
2025-03-12 10:31:24 - DEBUG - redirect_url: /order_complete
2025-03-12 10:31:24 - DEBUG - login_post() - 'sub': user1
2025-03-12 10:31:24 - DEBUG - login_post() - 'token': eyJhbGciOiJIUzI1NiIsInR5cCI6IkpXVCJ9.eyJzdWIiOiJ1c2VyMSIsInBlcm1pc3Npb24iOjEsImV4cGlyZXMiOiIyMDI1LTA0LTExVDAxOjMxOjI0LjkxMTE3NloifQ.7xElsNjBbq793GvW2LMGhmG5FEN_aLYxQnDwd1l5C1w
2025-03-12 10:31:24 - DEBUG - login_post() - 'exp': 2025-04-11T01:31:24.911176Z
2025-03-12 10:31:24 - DEBUG - login_post() - 'permission': 1
2025-03-12 10:31:24 - DEBUG - orders: [Order(order_id=1, company_name='テンシステム', username='user1', shop_name='shop01', menu_name='お昼の定食', amount=1, created_at=datetime.datetime(2025, 3, 12, 10, 31), canceled=False), Order(order_id=7, company_name='テンシステム', username='user1', shop_name='shop01', menu_name='お昼の定食', amount=1, created_at=datetime.datetime(2025, 3, 12, 10, 31), canceled=False)]
2025-03-12 10:31:26 - INFO - root() - ルートにアクセスしました
2025-03-12 10:31:26 - INFO - stop_twice_order() - きょう２度目の注文を阻止
2025-03-12 10:31:28 - INFO - root() - ルートにアクセスしました
2025-03-12 10:31:28 - DEBUG - token_result: None
2025-03-12 10:31:28 - DEBUG - token_result: ありません
2025-03-12 10:31:56 - INFO - Started server process [9828]
2025-03-12 10:31:56 - INFO - Waiting for application startup.
2025-03-12 10:31:56 - INFO - Application startup complete.
2025-03-12 10:31:56 - INFO - Uvicorn running on https://127.0.0.1:8000 (Press CTRL+C to quit)
2025-03-12 10:31:57 - INFO - root() - ルートにアクセスしました
2025-03-12 10:31:57 - DEBUG - token_result: None
2025-03-12 10:31:57 - DEBUG - token_result: ありません
2025-03-12 10:34:29 - INFO - Started server process [17440]
2025-03-12 10:34:29 - INFO - Waiting for application startup.
2025-03-12 10:34:29 - INFO - Application startup complete.
2025-03-12 10:34:29 - INFO - Uvicorn running on https://127.0.0.1:8000 (Press CTRL+C to quit)
2025-03-12 10:34:31 - INFO - root() - ルートにアクセスしました
2025-03-12 10:34:31 - DEBUG - token_result: None
2025-03-12 10:34:31 - DEBUG - token_result: ありません
2025-03-12 10:34:40 - DEBUG - username: shop01
2025-03-12 10:34:40 - DEBUG - access_token: eyJhbGciOiJIUzI1NiIsInR5cCI6IkpXVCJ9.eyJzdWIiOiJzaG9wMDEiLCJwZXJtaXNzaW9uIjoxMCwiZXhwaXJlcyI6IjIwMjUtMDQtMTFUMDE6MzQ6NDAuNzA0ODcxWiJ9.FWEP-vxRFSOEKkfu3yEvFj1b8gMx7ARQnjcFAC6FOEE
2025-03-12 10:34:40 - DEBUG - expires: 2025-04-11T01:34:40.704871Z
2025-03-12 10:34:40 - DEBUG - user: user_id=3 username='shop01' password='shop01' name='お店shop01' token='eyJhbGciOiJIUzI1NiIsInR5cCI6IkpXVCJ9.eyJzdWIiOiJzaG9wMDEiLCJwZXJtaXNzaW9uIjoxMCwiZXhwaXJlcyI6IjIwMjUtMDQtMTFUMDE6MzQ6NDAuNzA0ODcxWiJ9.FWEP-vxRFSOEKkfu3yEvFj1b8gMx7ARQnjcFAC6FOEE' exp='2025-04-11T01:34:40.704871Z' company_id=1 shop_name='shop01' menu_id=1 permission=10 is_modified=False updated_at=None
2025-03-12 10:34:40 - DEBUG - authenticate_user() - userを正常に取得した
2025-03-12 10:34:40 - DEBUG - user: user_id=3 username='shop01' password='shop01' name='お店shop01' token='eyJhbGciOiJIUzI1NiIsInR5cCI6IkpXVCJ9.eyJzdWIiOiJzaG9wMDEiLCJwZXJtaXNzaW9uIjoxMCwiZXhwaXJlcyI6IjIwMjUtMDQtMTFUMDE6MzQ6NDAuNzA0ODcxWiJ9.FWEP-vxRFSOEKkfu3yEvFj1b8gMx7ARQnjcFAC6FOEE' exp='2025-04-11T01:34:40.704871Z' company_id=1 shop_name='shop01' menu_id=1 permission=10 is_modified=False updated_at=None
2025-03-12 10:34:40 - DEBUG - username と password一致
2025-03-12 10:34:40 - DEBUG - redirect_url: /shops/me
2025-03-12 10:34:40 - DEBUG - login_post() - 'sub': shop01
2025-03-12 10:34:40 - DEBUG - login_post() - 'token': eyJhbGciOiJIUzI1NiIsInR5cCI6IkpXVCJ9.eyJzdWIiOiJzaG9wMDEiLCJwZXJtaXNzaW9uIjoxMCwiZXhwaXJlcyI6IjIwMjUtMDQtMTFUMDE6MzQ6NDAuNzA0ODcxWiJ9.FWEP-vxRFSOEKkfu3yEvFj1b8gMx7ARQnjcFAC6FOEE
2025-03-12 10:34:40 - DEBUG - login_post() - 'exp': 2025-04-11T01:34:40.704871Z
2025-03-12 10:34:40 - DEBUG - login_post() - 'permission': 10
2025-03-12 10:34:41 - INFO - root() - ルートにアクセスしました
2025-03-12 10:34:41 - DEBUG - token_result: None
2025-03-12 10:34:41 - DEBUG - token_result: ありません
