2025-03-10 11:57:25 - INFO - Started server process [11964]
2025-03-10 11:57:25 - INFO - Waiting for application startup.
2025-03-10 11:57:25 - INFO - Application startup complete.
2025-03-10 11:57:25 - INFO - Uvicorn running on https://127.0.0.1:8000 (Press CTRL+C to quit)
2025-03-10 11:57:27 - INFO - root() - ルートにアクセスしました
2025-03-10 11:57:27 - DEBUG - token_result: None
2025-03-10 11:57:27 - DEBUG - token_result: ありません
2025-03-10 11:57:35 - DEBUG - username: user1
2025-03-10 11:57:35 - DEBUG - access_token: eyJhbGciOiJIUzI1NiIsInR5cCI6IkpXVCJ9.eyJzdWIiOiJ1c2VyMSIsInBlcm1pc3Npb24iOjEsImV4cGlyZXMiOiIyMDI1LTA0LTA5VDAyOjU3OjM1LjkxNDQ2NFoifQ.2rNZJSSimEcg_H4vEmPwXS2kyeP4FkeKjbrFxUB51zQ
2025-03-10 11:57:35 - DEBUG - expires: 2025-04-09T02:57:35.914464Z
2025-03-10 11:57:35 - DEBUG - user: user_id=1 username='user1' password='user1' name='大隈 慶1' token='eyJhbGciOiJIUzI1NiIsInR5cCI6IkpXVCJ9.eyJzdWIiOiJ1c2VyMSIsInBlcm1pc3Npb24iOjEsImV4cGlyZXMiOiIyMDI1LTA0LTA5VDAyOjU3OjM1LjkxNDQ2NFoifQ.2rNZJSSimEcg_H4vEmPwXS2kyeP4FkeKjbrFxUB51zQ' exp='2025-04-09T02:57:35.914464Z' company_id=1 shop_name='shop01' menu_id=1 permission=1 is_modified=False updated_at=None
2025-03-10 11:57:35 - DEBUG - authenticate_user() - userを正常に取得した
2025-03-10 11:57:35 - DEBUG - user: user_id=1 username='user1' password='user1' name='大隈 慶1' token='eyJhbGciOiJIUzI1NiIsInR5cCI6IkpXVCJ9.eyJzdWIiOiJ1c2VyMSIsInBlcm1pc3Npb24iOjEsImV4cGlyZXMiOiIyMDI1LTA0LTA5VDAyOjU3OjM1LjkxNDQ2NFoifQ.2rNZJSSimEcg_H4vEmPwXS2kyeP4FkeKjbrFxUB51zQ' exp='2025-04-09T02:57:35.914464Z' company_id=1 shop_name='shop01' menu_id=1 permission=1 is_modified=False updated_at=None
2025-03-10 11:57:35 - DEBUG - username と password一致
2025-03-10 11:57:35 - DEBUG - redirect_url: /order_complete
2025-03-10 11:57:35 - DEBUG - login_post() - 'sub': user1
2025-03-10 11:57:35 - DEBUG - login_post() - 'token': eyJhbGciOiJIUzI1NiIsInR5cCI6IkpXVCJ9.eyJzdWIiOiJ1c2VyMSIsInBlcm1pc3Npb24iOjEsImV4cGlyZXMiOiIyMDI1LTA0LTA5VDAyOjU3OjM1LjkxNDQ2NFoifQ.2rNZJSSimEcg_H4vEmPwXS2kyeP4FkeKjbrFxUB51zQ
2025-03-10 11:57:35 - DEBUG - login_post() - 'exp': 2025-04-09T02:57:35.914464Z
2025-03-10 11:57:35 - DEBUG - login_post() - 'permission': 1
2025-03-10 11:57:35 - DEBUG - orders: [Order(order_id=1, company_name='テンシステム', username='user1', shop_name='shop01', menu_name='お昼の定食', amount=1, created_at=datetime.datetime(2025, 3, 7, 10, 20), canceled=False), Order(order_id=7, company_name='テンシステム', username='user1', shop_name='shop01', menu_name='お昼の定食', amount=1, created_at=datetime.datetime(2025, 3, 7, 10, 27), canceled=False), Order(order_id=8, company_name='テンシステム', username='user1', shop_name='shop01', menu_name='お昼の定食', amount=1, created_at=datetime.datetime(2025, 3, 7, 10, 31), canceled=False), Order(order_id=9, company_name='テンシステム', username='user1', shop_name='shop01', menu_name='お昼の定食', amount=1, created_at=datetime.datetime(2025, 3, 7, 12, 1), canceled=False), Order(order_id=10, company_name='テンシステム', username='user1', shop_name='shop01', menu_name='お昼の定食', amount=1, created_at=datetime.datetime(2025, 3, 7, 13, 34), canceled=False), Order(order_id=11, company_name='テンシステム', username='user1', shop_name='shop01', menu_name='お昼の定食', amount=1, created_at=datetime.datetime(2025, 3, 7, 14, 7), canceled=False), Order(order_id=12, company_name='テンシステム', username='user1', shop_name='shop01', menu_name='お昼の定食', amount=1, created_at=datetime.datetime(2025, 3, 7, 14, 9), canceled=False), Order(order_id=13, company_name='テンシステム', username='user1', shop_name='shop01', menu_name='お昼の定食', amount=1, created_at=datetime.datetime(2025, 3, 7, 14, 14), canceled=False), Order(order_id=14, company_name='テンシステム', username='user1', shop_name='shop01', menu_name='お昼の定食', amount=1, created_at=datetime.datetime(2025, 3, 7, 14, 21), canceled=False), Order(order_id=15, company_name='テンシステム', username='user1', shop_name='shop01', menu_name='お昼の定食', amount=1, created_at=datetime.datetime(2025, 3, 7, 14, 25), canceled=False), Order(order_id=16, company_name='テンシステム', username='user1', shop_name='shop01', menu_name='お昼の定食', amount=1, created_at=datetime.datetime(2025, 3, 7, 14, 46), canceled=False), Order(order_id=17, company_name='テンシステム', username='user1', shop_name='shop01', menu_name='お昼の定食', amount=1, created_at=datetime.datetime(2025, 3, 7, 15, 27), canceled=False), Order(order_id=18, company_name='テンシステム', username='user1', shop_name='shop01', menu_name='お昼の定食', amount=1, created_at=datetime.datetime(2025, 3, 10, 11, 57), canceled=False)]
