2025-03-11 10:42:04 - INFO - Started server process [10728]
2025-03-11 10:42:04 - INFO - Waiting for application startup.
2025-03-11 10:42:04 - INFO - Application startup complete.
2025-03-11 10:42:04 - INFO - Uvicorn running on https://127.0.0.1:8000 (Press CTRL+C to quit)
2025-03-11 10:42:06 - INFO - root() - ルートにアクセスしました
2025-03-11 10:42:06 - DEBUG - token_result: None
2025-03-11 10:42:06 - DEBUG - token_result: ありません
2025-03-11 10:42:14 - DEBUG - 認証試行: user1
2025-03-11 10:42:14 - ERROR - 例外ハンドラーが呼ばれました: {'method_name': 'authenticate_user()', 'message': '予期せぬエラーInvalid salt'}
2025-03-11 10:42:25 - INFO - root() - ルートにアクセスしました
2025-03-11 10:42:25 - DEBUG - token_result: None
2025-03-11 10:42:25 - DEBUG - token_result: ありません
2025-03-11 10:43:41 - INFO - Started server process [18396]
2025-03-11 10:43:41 - INFO - Waiting for application startup.
2025-03-11 10:43:41 - INFO - Application startup complete.
2025-03-11 10:43:41 - INFO - Uvicorn running on https://127.0.0.1:8000 (Press CTRL+C to quit)
2025-03-11 10:43:43 - INFO - root() - ルートにアクセスしました
2025-03-11 10:43:43 - DEBUG - token_result: None
2025-03-11 10:43:43 - DEBUG - token_result: ありません
2025-03-11 10:43:49 - DEBUG - 認証試行: user1
2025-03-11 10:43:49 - ERROR - 例外ハンドラーが呼ばれました: {'method_name': 'authenticate_user()', 'message': '予期せぬエラーInvalid salt'}
2025-03-11 11:07:31 - INFO - Started server process [16968]
2025-03-11 11:07:31 - INFO - Waiting for application startup.
2025-03-11 11:07:31 - INFO - Application startup complete.
2025-03-11 11:07:31 - ERROR - [Errno 10048] error while attempting to bind on address ('127.0.0.1', 8000): [winerror 10048] 通常、各ソケット アドレスに対してプロトコル、ネットワーク アドレス、またはポートのどれか 1 つのみを使用できます。
2025-03-11 11:07:31 - INFO - Waiting for application shutdown.
2025-03-11 11:07:31 - INFO - Application shutdown complete.
2025-03-11 11:07:40 - INFO - Started server process [4156]
2025-03-11 11:07:40 - INFO - Waiting for application startup.
2025-03-11 11:07:40 - INFO - Application startup complete.
2025-03-11 11:07:40 - INFO - Uvicorn running on https://127.0.0.1:8000 (Press CTRL+C to quit)
2025-03-11 11:07:41 - INFO - root() - ルートにアクセスしました
2025-03-11 11:07:41 - DEBUG - token_result: None
2025-03-11 11:07:41 - DEBUG - token_result: ありません
2025-03-11 11:07:52 - DEBUG - 認証試行: admin
2025-03-11 11:07:52 - ERROR - 例外ハンドラーが呼ばれました: {'method_name': 'authenticate_user()', 'message': '予期せぬエラーInvalid salt'}
2025-03-11 11:07:55 - INFO - root() - ルートにアクセスしました
2025-03-11 11:07:55 - DEBUG - token_result: None
2025-03-11 11:07:55 - DEBUG - token_result: ありません
2025-03-11 11:09:04 - INFO - root() - ルートにアクセスしました
2025-03-11 11:09:04 - DEBUG - token_result: None
2025-03-11 11:09:04 - DEBUG - token_result: ありません
2025-03-11 11:09:10 - DEBUG - 認証試行: admin
2025-03-11 11:09:11 - DEBUG - 認証成功: admin
2025-03-11 11:09:11 - DEBUG - user: user_id=5 username='admin' password='$2b$12$s4pBnu6BvCqe0E3LYWW31.QewHKyJYrU4yo.Xdv2/lSifgeNlw/46' name='admin' token='eyJhbGciOiJIUzI1NiIsInR5cCI6IkpXVCJ9.eyJzdWIiOiJhZG1pbiIsInBlcm1pc3Npb24iOjk5LCJleHBpcmVzIjoiMjAyNS0wNC0xMFQwMjowOToxMS4yMDI4MjBaIn0.9CunBfFZSYDqLEszrPbDSXauJg2723DSCU3xmVWLDIM' exp='2025-04-10T02:09:11.202820Z' company_id=1 shop_name='shop01' menu_id=1 permission=99 is_modified=False updated_at=None
2025-03-11 11:09:11 - DEBUG - username と password一致
2025-03-11 11:09:11 - DEBUG - redirect_url: /admin/me
2025-03-11 11:09:11 - DEBUG - login_post() - 'sub': admin
2025-03-11 11:09:11 - DEBUG - login_post() - 'token': eyJhbGciOiJIUzI1NiIsInR5cCI6IkpXVCJ9.eyJzdWIiOiJhZG1pbiIsInBlcm1pc3Npb24iOjk5LCJleHBpcmVzIjoiMjAyNS0wNC0xMFQwMjowOToxMS4yMDI4MjBaIn0.9CunBfFZSYDqLEszrPbDSXauJg2723DSCU3xmVWLDIM
2025-03-11 11:09:11 - DEBUG - login_post() - 'exp': 2025-04-10T02:09:11.202820Z
2025-03-11 11:09:11 - DEBUG - login_post() - 'permission': 99
2025-03-11 11:09:12 - INFO - root() - ルートにアクセスしました
2025-03-11 11:09:12 - DEBUG - token_result: None
2025-03-11 11:09:12 - DEBUG - token_result: ありません
